This file contains any messages produced by compilers while
running configure, to aid debugging if configure makes a mistake.

It was created by libircclient configure 1.3, which was
generated by GNU Autoconf 2.63.  Invocation command line was

  $ ./configure --host=armv7l-softfloat-linux-gnueabi

## --------- ##
## Platform. ##
## --------- ##

hostname = Redman
uname -m = i686
uname -r = 2.6.32-rc5-zen2
uname -s = Linux
uname -v = #3 ZEN SMP PREEMPT Wed Oct 28 16:33:32 EDT 2009

/usr/bin/uname -p = Genuine Intel(R) CPU T2500 @ 2.00GHz
/bin/uname -X     = unknown

/bin/arch              = unknown
/usr/bin/arch -k       = unknown
/usr/convex/getsysinfo = unknown
/usr/bin/hostinfo      = unknown
/bin/machine           = unknown
/usr/bin/oslevel       = unknown
/bin/universe          = unknown

PATH: /usr/local/bin
PATH: /usr/bin
PATH: /bin
PATH: /opt/bin
PATH: /usr/i686-pc-linux-gnu/armv7l-softfloat-linux-gnueabi/gcc-bin/4.3.4
PATH: /usr/i686-pc-linux-gnu/gcc-bin/4.4.2
PATH: /usr/lib/subversion/bin
PATH: /opt/arm-2008q1/bin
PATH: /opt/bin


## ----------- ##
## Core tests. ##
## ----------- ##

configure:1843: checking for armv7l-softfloat-linux-gnueabi-g++
configure:1859: found /usr/bin/armv7l-softfloat-linux-gnueabi-g++
configure:1870: result: armv7l-softfloat-linux-gnueabi-g++
configure:1941: checking for C++ compiler version
configure:1949: armv7l-softfloat-linux-gnueabi-g++ --version >&5
armv7l-softfloat-linux-gnueabi-g++ (Gentoo 4.3.4 p1.0, pie-10.1.5) 4.3.4
Copyright (C) 2008 Free Software Foundation, Inc.
This is free software; see the source for copying conditions.  There is NO
warranty; not even for MERCHANTABILITY or FITNESS FOR A PARTICULAR PURPOSE.

configure:1953: $? = 0
configure:1960: armv7l-softfloat-linux-gnueabi-g++ -v >&5
Using built-in specs.
Target: armv7l-softfloat-linux-gnueabi
Configured with: /var/tmp/cross/armv7l-softfloat-linux-gnueabi/portage/cross-armv7l-softfloat-linux-gnueabi/gcc-4.3.4/work/gcc-4.3.4/configure --prefix=/usr --bindir=/usr/i686-pc-linux-gnu/armv7l-softfloat-linux-gnueabi/gcc-bin/4.3.4 --includedir=/usr/lib/gcc/armv7l-softfloat-linux-gnueabi/4.3.4/include --datadir=/usr/share/gcc-data/armv7l-softfloat-linux-gnueabi/4.3.4 --mandir=/usr/share/gcc-data/armv7l-softfloat-linux-gnueabi/4.3.4/man --infodir=/usr/share/gcc-data/armv7l-softfloat-linux-gnueabi/4.3.4/info --with-gxx-include-dir=/usr/lib/gcc/armv7l-softfloat-linux-gnueabi/4.3.4/include/g++-v4 --host=i686-pc-linux-gnu --target=armv7l-softfloat-linux-gnueabi --build=i686-pc-linux-gnu --disable-altivec --disable-fixed-point --with-float=soft --enable-nls --without-included-gettext --with-system-zlib --disable-checking --disable-werror --enable-secureplt --disable-multilib --disable-libmudflap --disable-libssp --disable-libgomp --enable-cld --disable-libgcj --enable-languages=c,c++,fortran --with-sysroot=/usr/armv7l-softfloat-linux-gnueabi --disable-bootstrap --disable-libgomp --enable-__cxa_atexit --enable-clocale=gnu --with-bugurl=http://bugs.gentoo.org/ --with-pkgversion='Gentoo 4.3.4 p1.0, pie-10.1.5'
Thread model: posix
gcc version 4.3.4 (Gentoo 4.3.4 p1.0, pie-10.1.5) 
configure:1964: $? = 0
configure:1971: armv7l-softfloat-linux-gnueabi-g++ -V >&5
armv7l-softfloat-linux-gnueabi-g++: '-V' option must have argument
configure:1975: $? = 1
configure:1998: checking for C++ compiler default output file name
configure:2020: armv7l-softfloat-linux-gnueabi-g++    conftest.cpp  >&5
configure:2024: $? = 0
configure:2062: result: a.out
configure:2081: checking whether the C++ compiler works
configure:2091: ./a.out
./configure: line 2093: ./a.out: cannot execute binary file
configure:2095: $? = 126
configure:2114: result: yes
configure:2121: checking whether we are cross compiling
configure:2123: result: yes
configure:2126: checking for suffix of executables
configure:2133: armv7l-softfloat-linux-gnueabi-g++ -o conftest    conftest.cpp  >&5
configure:2137: $? = 0
configure:2163: result: 
configure:2169: checking for suffix of object files
configure:2195: armv7l-softfloat-linux-gnueabi-g++ -c   conftest.cpp >&5
configure:2199: $? = 0
configure:2224: result: o
configure:2228: checking whether we are using the GNU C++ compiler
configure:2257: armv7l-softfloat-linux-gnueabi-g++ -c   conftest.cpp >&5
configure:2264: $? = 0
configure:2281: result: yes
configure:2290: checking whether armv7l-softfloat-linux-gnueabi-g++ accepts -g
configure:2320: armv7l-softfloat-linux-gnueabi-g++ -c -g  conftest.cpp >&5
configure:2327: $? = 0
configure:2428: result: yes
configure:2459: checking for armv7l-softfloat-linux-gnueabi-gcc
configure:2475: found /usr/bin/armv7l-softfloat-linux-gnueabi-gcc
configure:2486: result: armv7l-softfloat-linux-gnueabi-gcc
configure:2758: checking for C compiler version
configure:2766: armv7l-softfloat-linux-gnueabi-gcc --version >&5
armv7l-softfloat-linux-gnueabi-gcc (Gentoo 4.3.4 p1.0, pie-10.1.5) 4.3.4
Copyright (C) 2008 Free Software Foundation, Inc.
This is free software; see the source for copying conditions.  There is NO
warranty; not even for MERCHANTABILITY or FITNESS FOR A PARTICULAR PURPOSE.

configure:2770: $? = 0
configure:2777: armv7l-softfloat-linux-gnueabi-gcc -v >&5
Using built-in specs.
Target: armv7l-softfloat-linux-gnueabi
Configured with: /var/tmp/cross/armv7l-softfloat-linux-gnueabi/portage/cross-armv7l-softfloat-linux-gnueabi/gcc-4.3.4/work/gcc-4.3.4/configure --prefix=/usr --bindir=/usr/i686-pc-linux-gnu/armv7l-softfloat-linux-gnueabi/gcc-bin/4.3.4 --includedir=/usr/lib/gcc/armv7l-softfloat-linux-gnueabi/4.3.4/include --datadir=/usr/share/gcc-data/armv7l-softfloat-linux-gnueabi/4.3.4 --mandir=/usr/share/gcc-data/armv7l-softfloat-linux-gnueabi/4.3.4/man --infodir=/usr/share/gcc-data/armv7l-softfloat-linux-gnueabi/4.3.4/info --with-gxx-include-dir=/usr/lib/gcc/armv7l-softfloat-linux-gnueabi/4.3.4/include/g++-v4 --host=i686-pc-linux-gnu --target=armv7l-softfloat-linux-gnueabi --build=i686-pc-linux-gnu --disable-altivec --disable-fixed-point --with-float=soft --enable-nls --without-included-gettext --with-system-zlib --disable-checking --disable-werror --enable-secureplt --disable-multilib --disable-libmudflap --disable-libssp --disable-libgomp --enable-cld --disable-libgcj --enable-languages=c,c++,fortran --with-sysroot=/usr/armv7l-softfloat-linux-gnueabi --disable-bootstrap --disable-libgomp --enable-__cxa_atexit --enable-clocale=gnu --with-bugurl=http://bugs.gentoo.org/ --with-pkgversion='Gentoo 4.3.4 p1.0, pie-10.1.5'
Thread model: posix
gcc version 4.3.4 (Gentoo 4.3.4 p1.0, pie-10.1.5) 
configure:2781: $? = 0
configure:2788: armv7l-softfloat-linux-gnueabi-gcc -V >&5
armv7l-softfloat-linux-gnueabi-gcc: '-V' option must have argument
configure:2792: $? = 1
configure:2795: checking whether we are using the GNU C compiler
configure:2824: armv7l-softfloat-linux-gnueabi-gcc -c   conftest.c >&5
configure:2831: $? = 0
configure:2848: result: yes
configure:2857: checking whether armv7l-softfloat-linux-gnueabi-gcc accepts -g
configure:2887: armv7l-softfloat-linux-gnueabi-gcc -c -g  conftest.c >&5
configure:2894: $? = 0
configure:2995: result: yes
configure:3012: checking for armv7l-softfloat-linux-gnueabi-gcc option to accept ISO C89
configure:3086: armv7l-softfloat-linux-gnueabi-gcc  -c -g -O2  conftest.c >&5
configure:3093: $? = 0
configure:3116: result: none needed
configure:3137: checking for armv7l-softfloat-linux-gnueabi-ar
configure:3153: found /usr/bin/armv7l-softfloat-linux-gnueabi-ar
configure:3164: result: armv7l-softfloat-linux-gnueabi-ar
configure:3229: checking for armv7l-softfloat-linux-gnueabi-ranlib
configure:3245: found /usr/bin/armv7l-softfloat-linux-gnueabi-ranlib
configure:3256: result: armv7l-softfloat-linux-gnueabi-ranlib
configure:3326: checking how to run the C preprocessor
configure:3366: armv7l-softfloat-linux-gnueabi-gcc -E  conftest.c
configure:3373: $? = 0
configure:3404: armv7l-softfloat-linux-gnueabi-gcc -E  conftest.c
conftest.c:8:28: error: ac_nonexistent.h: No such file or directory
configure:3411: $? = 1
configure: failed program was:
| /* confdefs.h.  */
| #define PACKAGE_NAME "libircclient"
| #define PACKAGE_TARNAME "libircclient"
| #define PACKAGE_VERSION "1.3"
| #define PACKAGE_STRING "libircclient 1.3"
| #define PACKAGE_BUGREPORT "gyunaev@ulduzsoft.com"
| /* end confdefs.h.  */
| #include <ac_nonexistent.h>
configure:3444: result: armv7l-softfloat-linux-gnueabi-gcc -E
configure:3473: armv7l-softfloat-linux-gnueabi-gcc -E  conftest.c
configure:3480: $? = 0
configure:3511: armv7l-softfloat-linux-gnueabi-gcc -E  conftest.c
conftest.c:8:28: error: ac_nonexistent.h: No such file or directory
configure:3518: $? = 1
configure: failed program was:
| /* confdefs.h.  */
| #define PACKAGE_NAME "libircclient"
| #define PACKAGE_TARNAME "libircclient"
| #define PACKAGE_VERSION "1.3"
| #define PACKAGE_STRING "libircclient 1.3"
| #define PACKAGE_BUGREPORT "gyunaev@ulduzsoft.com"
| /* end confdefs.h.  */
| #include <ac_nonexistent.h>
configure:3558: checking for grep that handles long lines and -e
configure:3618: result: /bin/grep
configure:3623: checking for egrep
configure:3687: result: /bin/grep -E
configure:3692: checking for ANSI C header files
configure:3722: armv7l-softfloat-linux-gnueabi-gcc -c -g -O2  conftest.c >&5
configure:3729: $? = 0
configure:3860: result: yes
configure:3886: checking for sys/types.h
configure:3907: armv7l-softfloat-linux-gnueabi-gcc -c -g -O2  conftest.c >&5
configure:3914: $? = 0
configure:3931: result: yes
configure:3886: checking for sys/stat.h
configure:3907: armv7l-softfloat-linux-gnueabi-gcc -c -g -O2  conftest.c >&5
configure:3914: $? = 0
configure:3931: result: yes
configure:3886: checking for stdlib.h
configure:3907: armv7l-softfloat-linux-gnueabi-gcc -c -g -O2  conftest.c >&5
configure:3914: $? = 0
configure:3931: result: yes
configure:3886: checking for string.h
configure:3907: armv7l-softfloat-linux-gnueabi-gcc -c -g -O2  conftest.c >&5
configure:3914: $? = 0
configure:3931: result: yes
configure:3886: checking for memory.h
configure:3907: armv7l-softfloat-linux-gnueabi-gcc -c -g -O2  conftest.c >&5
configure:3914: $? = 0
configure:3931: result: yes
configure:3886: checking for strings.h
configure:3907: armv7l-softfloat-linux-gnueabi-gcc -c -g -O2  conftest.c >&5
configure:3914: $? = 0
configure:3931: result: yes
configure:3886: checking for inttypes.h
configure:3907: armv7l-softfloat-linux-gnueabi-gcc -c -g -O2  conftest.c >&5
configure:3914: $? = 0
configure:3931: result: yes
configure:3886: checking for stdint.h
configure:3907: armv7l-softfloat-linux-gnueabi-gcc -c -g -O2  conftest.c >&5
configure:3914: $? = 0
configure:3931: result: yes
configure:3886: checking for unistd.h
configure:3907: armv7l-softfloat-linux-gnueabi-gcc -c -g -O2  conftest.c >&5
configure:3914: $? = 0
configure:3931: result: yes
configure:3945: checking for stdbool.h that conforms to C99
configure:4040: armv7l-softfloat-linux-gnueabi-gcc -c -g -O2  conftest.c >&5
configure:4047: $? = 0
configure:4062: result: yes
configure:4064: checking for _Bool
configure:4092: armv7l-softfloat-linux-gnueabi-gcc -c -g -O2  conftest.c >&5
configure:4099: $? = 0
configure:4126: armv7l-softfloat-linux-gnueabi-gcc -c -g -O2  conftest.c >&5
conftest.c: In function 'main':
conftest.c:54: error: expected expression before ')' token
configure:4133: $? = 1
configure: failed program was:
| /* confdefs.h.  */
| #define PACKAGE_NAME "libircclient"
| #define PACKAGE_TARNAME "libircclient"
| #define PACKAGE_VERSION "1.3"
| #define PACKAGE_STRING "libircclient 1.3"
| #define PACKAGE_BUGREPORT "gyunaev@ulduzsoft.com"
| #define STDC_HEADERS 1
| #define HAVE_SYS_TYPES_H 1
| #define HAVE_SYS_STAT_H 1
| #define HAVE_STDLIB_H 1
| #define HAVE_STRING_H 1
| #define HAVE_MEMORY_H 1
| #define HAVE_STRINGS_H 1
| #define HAVE_INTTYPES_H 1
| #define HAVE_STDINT_H 1
| #define HAVE_UNISTD_H 1
| /* end confdefs.h.  */
| #include <stdio.h>
| #ifdef HAVE_SYS_TYPES_H
| # include <sys/types.h>
| #endif
| #ifdef HAVE_SYS_STAT_H
| # include <sys/stat.h>
| #endif
| #ifdef STDC_HEADERS
| # include <stdlib.h>
| # include <stddef.h>
| #else
| # ifdef HAVE_STDLIB_H
| #  include <stdlib.h>
| # endif
| #endif
| #ifdef HAVE_STRING_H
| # if !defined STDC_HEADERS && defined HAVE_MEMORY_H
| #  include <memory.h>
| # endif
| # include <string.h>
| #endif
| #ifdef HAVE_STRINGS_H
| # include <strings.h>
| #endif
| #ifdef HAVE_INTTYPES_H
| # include <inttypes.h>
| #endif
| #ifdef HAVE_STDINT_H
| # include <stdint.h>
| #endif
| #ifdef HAVE_UNISTD_H
| # include <unistd.h>
| #endif
| int
| main ()
| {
| if (sizeof ((_Bool)))
| 	  return 0;
|   ;
|   return 0;
| }
configure:4156: result: yes
configure:4175: checking for an ANSI C-conforming const
configure:4250: armv7l-softfloat-linux-gnueabi-gcc -c -g -O2  conftest.c >&5
configure:4257: $? = 0
configure:4272: result: yes
configure:4282: checking for size_t
configure:4310: armv7l-softfloat-linux-gnueabi-gcc -c -g -O2  conftest.c >&5
configure:4317: $? = 0
configure:4344: armv7l-softfloat-linux-gnueabi-gcc -c -g -O2  conftest.c >&5
conftest.c: In function 'main':
conftest.c:56: error: expected expression before ')' token
configure:4351: $? = 1
configure: failed program was:
| /* confdefs.h.  */
| #define PACKAGE_NAME "libircclient"
| #define PACKAGE_TARNAME "libircclient"
| #define PACKAGE_VERSION "1.3"
| #define PACKAGE_STRING "libircclient 1.3"
| #define PACKAGE_BUGREPORT "gyunaev@ulduzsoft.com"
| #define STDC_HEADERS 1
| #define HAVE_SYS_TYPES_H 1
| #define HAVE_SYS_STAT_H 1
| #define HAVE_STDLIB_H 1
| #define HAVE_STRING_H 1
| #define HAVE_MEMORY_H 1
| #define HAVE_STRINGS_H 1
| #define HAVE_INTTYPES_H 1
| #define HAVE_STDINT_H 1
| #define HAVE_UNISTD_H 1
| #define HAVE__BOOL 1
| #define HAVE_STDBOOL_H 1
| /* end confdefs.h.  */
| #include <stdio.h>
| #ifdef HAVE_SYS_TYPES_H
| # include <sys/types.h>
| #endif
| #ifdef HAVE_SYS_STAT_H
| # include <sys/stat.h>
| #endif
| #ifdef STDC_HEADERS
| # include <stdlib.h>
| # include <stddef.h>
| #else
| # ifdef HAVE_STDLIB_H
| #  include <stdlib.h>
| # endif
| #endif
| #ifdef HAVE_STRING_H
| # if !defined STDC_HEADERS && defined HAVE_MEMORY_H
| #  include <memory.h>
| # endif
| # include <string.h>
| #endif
| #ifdef HAVE_STRINGS_H
| # include <strings.h>
| #endif
| #ifdef HAVE_INTTYPES_H
| # include <inttypes.h>
| #endif
| #ifdef HAVE_STDINT_H
| # include <stdint.h>
| #endif
| #ifdef HAVE_UNISTD_H
| # include <unistd.h>
| #endif
| int
| main ()
| {
| if (sizeof ((size_t)))
| 	  return 0;
|   ;
|   return 0;
| }
configure:4374: result: yes
configure:4386: checking whether time.h and sys/time.h may both be included
configure:4416: armv7l-softfloat-linux-gnueabi-gcc -c -g -O2  conftest.c >&5
configure:4423: $? = 0
configure:4438: result: yes
configure:4455: checking for stdlib.h
configure:4462: result: yes
configure:4601: checking for GNU libc compatible malloc
configure:4666: result: no
configure:4711: checking sys/select.h usability
configure:4728: armv7l-softfloat-linux-gnueabi-gcc -c -g -O2  conftest.c >&5
configure:4735: $? = 0
configure:4749: result: yes
configure:4753: checking sys/select.h presence
configure:4768: armv7l-softfloat-linux-gnueabi-gcc -E  conftest.c
configure:4775: $? = 0
configure:4789: result: yes
configure:4822: checking for sys/select.h
configure:4831: result: yes
configure:4711: checking sys/socket.h usability
configure:4728: armv7l-softfloat-linux-gnueabi-gcc -c -g -O2  conftest.c >&5
configure:4735: $? = 0
configure:4749: result: yes
configure:4753: checking sys/socket.h presence
configure:4768: armv7l-softfloat-linux-gnueabi-gcc -E  conftest.c
configure:4775: $? = 0
configure:4789: result: yes
configure:4822: checking for sys/socket.h
configure:4831: result: yes
configure:4846: checking types of arguments for select
configure:4884: armv7l-softfloat-linux-gnueabi-gcc -c -g -O2  conftest.c >&5
configure:4891: $? = 0
configure:4912: result: int,fd_set *,struct timeval *
configure:4935: checking whether lstat dereferences a symlink specified with a trailing slash
configure:5009: result: no
configure:5028: checking whether stat accepts an empty string
configure:5089: result: yes
configure:5110: checking for localtime_r
configure:5166: armv7l-softfloat-linux-gnueabi-gcc -o conftest -g -O2   conftest.c  >&5
configure:5173: $? = 0
configure:5195: result: yes
configure:5110: checking for socket
configure:5166: armv7l-softfloat-linux-gnueabi-gcc -o conftest -g -O2   conftest.c  >&5
configure:5173: $? = 0
configure:5195: result: yes
configure:5208: checking for socket in -lsocket
configure:5243: armv7l-softfloat-linux-gnueabi-gcc -o conftest -g -O2   conftest.c -lsocket   >&5
/usr/libexec/gcc/armv7l-softfloat-linux-gnueabi/ld: cannot find -lsocket
collect2: ld returned 1 exit status
configure:5250: $? = 1
configure: failed program was:
| /* confdefs.h.  */
| #define PACKAGE_NAME "libircclient"
| #define PACKAGE_TARNAME "libircclient"
| #define PACKAGE_VERSION "1.3"
| #define PACKAGE_STRING "libircclient 1.3"
| #define PACKAGE_BUGREPORT "gyunaev@ulduzsoft.com"
| #define STDC_HEADERS 1
| #define HAVE_SYS_TYPES_H 1
| #define HAVE_SYS_STAT_H 1
| #define HAVE_STDLIB_H 1
| #define HAVE_STRING_H 1
| #define HAVE_MEMORY_H 1
| #define HAVE_STRINGS_H 1
| #define HAVE_INTTYPES_H 1
| #define HAVE_STDINT_H 1
| #define HAVE_UNISTD_H 1
| #define HAVE__BOOL 1
| #define HAVE_STDBOOL_H 1
| #define TIME_WITH_SYS_TIME 1
| #define HAVE_STDLIB_H 1
| #define HAVE_MALLOC 0
| #define malloc rpl_malloc
| #define HAVE_SYS_SELECT_H 1
| #define HAVE_SYS_SOCKET_H 1
| #define SELECT_TYPE_ARG1 int
| #define SELECT_TYPE_ARG234 (fd_set *)
| #define SELECT_TYPE_ARG5 (struct timeval *)
| #define HAVE_STAT_EMPTY_STRING_BUG 1
| #define HAVE_LOCALTIME_R 1
| #define HAVE_SOCKET 1
| /* end confdefs.h.  */
| 
| /* Override any GCC internal prototype to avoid an error.
|    Use char because int might match the return type of a GCC
|    builtin and then its argument prototype would still apply.  */
| #ifdef __cplusplus
| extern "C"
| #endif
| char socket ();
| int
| main ()
| {
| return socket ();
|   ;
|   return 0;
| }
configure:5271: result: no
configure:5469: checking for gethostbyname_r
configure:5525: armv7l-softfloat-linux-gnueabi-gcc -o conftest -g -O2 -O3   conftest.c  >&5
configure:5532: $? = 0
configure:5554: result: yes
configure:5469: checking for inet_ntoa
configure:5525: armv7l-softfloat-linux-gnueabi-gcc -o conftest -g -O2 -O3   conftest.c  >&5
configure:5532: $? = 0
configure:5554: result: yes
configure:5566: checking for inet_ntoa in -lnsl
configure:5601: armv7l-softfloat-linux-gnueabi-gcc -o conftest -g -O2 -O3   conftest.c -lnsl   >&5
configure:5608: $? = 0
configure:5629: result: yes
configure:5752: creating ./config.status

## ---------------------- ##
## Running config.status. ##
## ---------------------- ##

This file was extended by libircclient config.status 1.3, which was
generated by GNU Autoconf 2.63.  Invocation command line was

  CONFIG_FILES    = 
  CONFIG_HEADERS  = 
  CONFIG_LINKS    = 
  CONFIG_COMMANDS = 
  $ ./config.status 

on Redman

config.status:744: creating src/Makefile
config.status:744: creating include/config.h
config.status:955: include/config.h is unchanged

## ---------------- ##
## Cache variables. ##
## ---------------- ##

ac_cv_c_compiler_gnu=yes
ac_cv_c_const=yes
ac_cv_cxx_compiler_gnu=yes
ac_cv_env_CCC_set=
ac_cv_env_CCC_value=
ac_cv_env_CC_set=
ac_cv_env_CC_value=
ac_cv_env_CFLAGS_set=
ac_cv_env_CFLAGS_value=
ac_cv_env_CPPFLAGS_set=
ac_cv_env_CPPFLAGS_value=
ac_cv_env_CPP_set=
ac_cv_env_CPP_value=
ac_cv_env_CXXFLAGS_set=
ac_cv_env_CXXFLAGS_value=
ac_cv_env_CXX_set=
ac_cv_env_CXX_value=
ac_cv_env_LDFLAGS_set=
ac_cv_env_LDFLAGS_value=
ac_cv_env_LIBS_set=
ac_cv_env_LIBS_value=
ac_cv_env_build_alias_set=
ac_cv_env_build_alias_value=
ac_cv_env_host_alias_set=set
ac_cv_env_host_alias_value=armv7l-softfloat-linux-gnueabi
ac_cv_env_target_alias_set=
ac_cv_env_target_alias_value=
ac_cv_func_gethostbyname_r=yes
ac_cv_func_inet_ntoa=yes
ac_cv_func_localtime_r=yes
ac_cv_func_lstat_dereferences_slashed_symlink=no
ac_cv_func_malloc_0_nonnull=no
ac_cv_func_select_args='int,fd_set *,struct timeval *'
ac_cv_func_socket=yes
ac_cv_func_stat_empty_string_bug=yes
ac_cv_header_inttypes_h=yes
ac_cv_header_memory_h=yes
ac_cv_header_stdbool_h=yes
ac_cv_header_stdc=yes
ac_cv_header_stdint_h=yes
ac_cv_header_stdlib_h=yes
ac_cv_header_string_h=yes
ac_cv_header_strings_h=yes
ac_cv_header_sys_select_h=yes
ac_cv_header_sys_socket_h=yes
ac_cv_header_sys_stat_h=yes
ac_cv_header_sys_types_h=yes
ac_cv_header_time=yes
ac_cv_header_unistd_h=yes
ac_cv_lib_nsl_inet_ntoa=yes
ac_cv_lib_socket_socket=no
ac_cv_objext=o
ac_cv_path_EGREP='/bin/grep -E'
ac_cv_path_GREP=/bin/grep
ac_cv_prog_AR=armv7l-softfloat-linux-gnueabi-ar
ac_cv_prog_CC=armv7l-softfloat-linux-gnueabi-gcc
ac_cv_prog_CPP='armv7l-softfloat-linux-gnueabi-gcc -E'
ac_cv_prog_CXX=armv7l-softfloat-linux-gnueabi-g++
ac_cv_prog_RANLIB=armv7l-softfloat-linux-gnueabi-ranlib
ac_cv_prog_cc_c89=
ac_cv_prog_cc_g=yes
ac_cv_prog_cxx_g=yes
ac_cv_type__Bool=yes
ac_cv_type_size_t=yes

## ----------------- ##
## Output variables. ##
## ----------------- ##

AR='armv7l-softfloat-linux-gnueabi-ar'
CC='armv7l-softfloat-linux-gnueabi-gcc'
CFLAGS='-g -O2 -O3 -DENABLE_THREADS -D_REENTRANT'
CPP='armv7l-softfloat-linux-gnueabi-gcc -E'
CPPFLAGS=''
CXX='armv7l-softfloat-linux-gnueabi-g++'
CXXFLAGS='-g -O2'
DEFS='-DHAVE_CONFIG_H'
ECHO_C=''
ECHO_N='-n'
ECHO_T=''
EGREP='/bin/grep -E'
EXEEXT=''
GREP='/bin/grep'
LDFLAGS=''
LIBOBJS=' ${LIBOBJDIR}malloc$U.o ${LIBOBJDIR}lstat$U.o ${LIBOBJDIR}stat$U.o'
LIBS=' -lnsl'
LTLIBOBJS=' ${LIBOBJDIR}malloc$U.lo ${LIBOBJDIR}lstat$U.lo ${LIBOBJDIR}stat$U.lo'
OBJEXT='o'
PACKAGE_BUGREPORT='gyunaev@ulduzsoft.com'
PACKAGE_NAME='libircclient'
PACKAGE_STRING='libircclient 1.3'
PACKAGE_TARNAME='libircclient'
PACKAGE_VERSION='1.3'
PATH_SEPARATOR=':'
PREFIX=''
RANLIB='armv7l-softfloat-linux-gnueabi-ranlib'
SHELL='/bin/sh'
ac_ct_CC=''
ac_ct_CXX=''
bindir='${exec_prefix}/bin'
build_alias=''
datadir='${datarootdir}'
datarootdir='${prefix}/share'
docdir='${datarootdir}/doc/${PACKAGE_TARNAME}'
dvidir='${docdir}'
exec_prefix='${prefix}'
host_alias='armv7l-softfloat-linux-gnueabi'
htmldir='${docdir}'
includedir='${prefix}/include'
infodir='${datarootdir}/info'
libdir='${exec_prefix}/lib'
libexecdir='${exec_prefix}/libexec'
localedir='${datarootdir}/locale'
localstatedir='${prefix}/var'
mandir='${datarootdir}/man'
oldincludedir='/usr/include'
pdfdir='${docdir}'
prefix='/usr/local'
program_transform_name='s,x,x,'
psdir='${docdir}'
sbindir='${exec_prefix}/sbin'
sharedstatedir='${prefix}/com'
sysconfdir='${prefix}/etc'
target_alias=''

## ----------- ##
## confdefs.h. ##
## ----------- ##

#define PACKAGE_NAME "libircclient"
#define PACKAGE_TARNAME "libircclient"
#define PACKAGE_VERSION "1.3"
#define PACKAGE_STRING "libircclient 1.3"
#define PACKAGE_BUGREPORT "gyunaev@ulduzsoft.com"
#define STDC_HEADERS 1
#define HAVE_SYS_TYPES_H 1
#define HAVE_SYS_STAT_H 1
#define HAVE_STDLIB_H 1
#define HAVE_STRING_H 1
#define HAVE_MEMORY_H 1
#define HAVE_STRINGS_H 1
#define HAVE_INTTYPES_H 1
#define HAVE_STDINT_H 1
#define HAVE_UNISTD_H 1
#define HAVE__BOOL 1
#define HAVE_STDBOOL_H 1
#define TIME_WITH_SYS_TIME 1
#define HAVE_STDLIB_H 1
#define HAVE_MALLOC 0
#define malloc rpl_malloc
#define HAVE_SYS_SELECT_H 1
#define HAVE_SYS_SOCKET_H 1
#define SELECT_TYPE_ARG1 int
#define SELECT_TYPE_ARG234 (fd_set *)
#define SELECT_TYPE_ARG5 (struct timeval *)
#define HAVE_STAT_EMPTY_STRING_BUG 1
#define HAVE_LOCALTIME_R 1
#define HAVE_SOCKET 1
#define HAVE_GETHOSTBYNAME_R 1
#define HAVE_INET_NTOA 1
#define HAVE_INET_NTOA 1

configure: exit 0
